# JRE version: OpenJDK Runtime Environment (8.0_152) (build 1.8.0_152-release-1343-b16-5323222)
# Java VM: OpenJDK 64-Bit Server VM (25.152-b16-5323222 mixed mode linux-amd64 compressed oops)
Heap:
 PSYoungGen      total 204800K, used 13822K [0x00000000e0000000, 0x00000000ee100000, 0x0000000100000000)
  eden space 184832K, 0% used [0x00000000e0000000,0x00000000e0000000,0x00000000eb480000)
  from space 19968K, 69% used [0x00000000eb480000,0x00000000ec1ff850,0x00000000ec800000)
  to   space 16896K, 0% used [0x00000000ec800000,0x00000000ec800000,0x00000000ed880000)
 ParOldGen       total 135680K, used 33158K [0x00000000a0000000, 0x00000000a8480000, 0x00000000e0000000)
  object space 135680K, 24% used [0x00000000a0000000,0x00000000a2061b20,0x00000000a8480000)
 Metaspace       used 65168K, capacity 67588K, committed 67736K, reserved 1107968K
  class space    used 8856K, capacity 9376K, committed 9392K, reserved 1048576K
GC Heap History (10 events):
Event: 9,632 GC heap after
Heap after GC invocations=9 (full 1):
 PSYoungGen      total 162304K, used 9166K [0x00000000e0000000, 0x00000000ed380000, 0x0000000100000000)
  eden space 148992K, 0% used [0x00000000e0000000,0x00000000e0000000,0x00000000e9180000)
  from space 13312K, 68% used [0x00000000e9e80000,0x00000000ea773970,0x00000000eab80000)
  to   space 13312K, 0% used [0x00000000e9180000,0x00000000e9180000,0x00000000e9e80000)
 ParOldGen       total 61952K, used 11338K [0x00000000a0000000, 0x00000000a3c80000, 0x00000000e0000000)
  object space 61952K, 18% used [0x00000000a0000000,0x00000000a0b12bd0,0x00000000a3c80000)
 Metaspace       used 34554K, capacity 35412K, committed 35496K, reserved 1079296K
  class space    used 4785K, capacity 5016K, committed 5040K, reserved 1048576K
}
Event: 9,632 GC heap before
{Heap before GC invocations=10 (full 2):
 PSYoungGen      total 162304K, used 9166K [0x00000000e0000000, 0x00000000ed380000, 0x0000000100000000)
  eden space 148992K, 0% used [0x00000000e0000000,0x00000000e0000000,0x00000000e9180000)
  from space 13312K, 68% used [0x00000000e9e80000,0x00000000ea773970,0x00000000eab80000)
  to   space 13312K, 0% used [0x00000000e9180000,0x00000000e9180000,0x00000000e9e80000)
 ParOldGen       total 61952K, used 11338K [0x00000000a0000000, 0x00000000a3c80000, 0x00000000e0000000)
  object space 61952K, 18% used [0x00000000a0000000,0x00000000a0b12bd0,0x00000000a3c80000)
 Metaspace       used 34554K, capacity 35412K, committed 35496K, reserved 1079296K
  class space    used 4785K, capacity 5016K, committed 5040K, reserved 1048576K
Event: 9,756 GC heap after
Heap after GC invocations=10 (full 2):
 PSYoungGen      total 162304K, used 0K [0x00000000e0000000, 0x00000000ed380000, 0x0000000100000000)
  eden space 148992K, 0% used [0x00000000e0000000,0x00000000e0000000,0x00000000e9180000)
  from space 13312K, 0% used [0x00000000e9e80000,0x00000000e9e80000,0x00000000eab80000)
  to   space 13312K, 0% used [0x00000000e9180000,0x00000000e9180000,0x00000000e9e80000)
 ParOldGen       total 91648K, used 16018K [0x00000000a0000000, 0x00000000a5980000, 0x00000000e0000000)
  object space 91648K, 17% used [0x00000000a0000000,0x00000000a0fa4910,0x00000000a5980000)
 Metaspace       used 34552K, capacity 35406K, committed 35496K, reserved 1079296K
  class space    used 4784K, capacity 5015K, committed 5040K, reserved 1048576K
}
Event: 13,950 GC heap before
{Heap before GC invocations=11 (full 2):
 PSYoungGen      total 162304K, used 148992K [0x00000000e0000000, 0x00000000ed380000, 0x0000000100000000)
  eden space 148992K, 100% used [0x00000000e0000000,0x00000000e9180000,0x00000000e9180000)
  from space 13312K, 0% used [0x00000000e9e80000,0x00000000e9e80000,0x00000000eab80000)
  to   space 13312K, 0% used [0x00000000e9180000,0x00000000e9180000,0x00000000e9e80000)
 ParOldGen       total 91648K, used 16018K [0x00000000a0000000, 0x00000000a5980000, 0x00000000e0000000)
  object space 91648K, 17% used [0x00000000a0000000,0x00000000a0fa4910,0x00000000a5980000)
 Metaspace       used 50108K, capacity 51270K, committed 51624K, reserved 1093632K
  class space    used 6762K, capacity 7039K, committed 7088K, reserved 1048576K
Event: 13,990 GC heap after
Heap after GC invocations=11 (full 2):
 PSYoungGen      total 162304K, used 13298K [0x00000000e0000000, 0x00000000ed880000, 0x0000000100000000)
  eden space 148992K, 0% used [0x00000000e0000000,0x00000000e0000000,0x00000000e9180000)
  from space 13312K, 99% used [0x00000000e9180000,0x00000000e9e7c840,0x00000000e9e80000)
  to   space 16896K, 0% used [0x00000000ec800000,0x00000000ec800000,0x00000000ed880000)
 ParOldGen       total 91648K, used 20878K [0x00000000a0000000, 0x00000000a5980000, 0x00000000e0000000)
  object space 91648K, 22% used [0x00000000a0000000,0x00000000a1463a30,0x00000000a5980000)
 Metaspace       used 50108K, capacity 51270K, committed 51624K, reserved 1093632K
  class space    used 6762K, capacity 7039K, committed 7088K, reserved 1048576K
}
Event: 15,976 GC heap before
{Heap before GC invocations=12 (full 2):
 PSYoungGen      total 162304K, used 110385K [0x00000000e0000000, 0x00000000ed880000, 0x0000000100000000)
  eden space 148992K, 65% used [0x00000000e0000000,0x00000000e5ecfc80,0x00000000e9180000)
  from space 13312K, 99% used [0x00000000e9180000,0x00000000e9e7c840,0x00000000e9e80000)
  to   space 16896K, 0% used [0x00000000ec800000,0x00000000ec800000,0x00000000ed880000)
 ParOldGen       total 91648K, used 20878K [0x00000000a0000000, 0x00000000a5980000, 0x00000000e0000000)
  object space 91648K, 22% used [0x00000000a0000000,0x00000000a1463a30,0x00000000a5980000)
 Metaspace       used 57449K, capacity 59056K, committed 59160K, reserved 1099776K
  class space    used 7804K, capacity 8190K, committed 8240K, reserved 1048576K
Event: 16,022 GC heap after
Heap after GC invocations=12 (full 2):
 PSYoungGen      total 201728K, used 16885K [0x00000000e0000000, 0x00000000ee100000, 0x0000000100000000)
  eden space 184832K, 0% used [0x00000000e0000000,0x00000000e0000000,0x00000000eb480000)
  from space 16896K, 99% used [0x00000000ec800000,0x00000000ed87d518,0x00000000ed880000)
  to   space 19968K, 0% used [0x00000000eb480000,0x00000000eb480000,0x00000000ec800000)
 ParOldGen       total 91648K, used 22810K [0x00000000a0000000, 0x00000000a5980000, 0x00000000e0000000)
  object space 91648K, 24% used [0x00000000a0000000,0x00000000a1646970,0x00000000a5980000)
 Metaspace       used 57449K, capacity 59056K, committed 59160K, reserved 1099776K
  class space    used 7804K, capacity 8190K, committed 8240K, reserved 1048576K
}
Event: 16,022 GC heap before
{Heap before GC invocations=13 (full 3):
 PSYoungGen      total 201728K, used 16885K [0x00000000e0000000, 0x00000000ee100000, 0x0000000100000000)
  eden space 184832K, 0% used [0x00000000e0000000,0x00000000e0000000,0x00000000eb480000)
  from space 16896K, 99% used [0x00000000ec800000,0x00000000ed87d518,0x00000000ed880000)
  to   space 19968K, 0% used [0x00000000eb480000,0x00000000eb480000,0x00000000ec800000)
 ParOldGen       total 91648K, used 22810K [0x00000000a0000000, 0x00000000a5980000, 0x00000000e0000000)
  object space 91648K, 24% used [0x00000000a0000000,0x00000000a1646970,0x00000000a5980000)
 Metaspace       used 57449K, capacity 59056K, committed 59160K, reserved 1099776K
  class space    used 7804K, capacity 8190K, committed 8240K, reserved 1048576K
Event: 16,290 GC heap after
Heap after GC invocations=13 (full 3):
 PSYoungGen      total 201728K, used 0K [0x00000000e0000000, 0x00000000ee100000, 0x0000000100000000)
  eden space 184832K, 0% used [0x00000000e0000000,0x00000000e0000000,0x00000000eb480000)
  from space 16896K, 0% used [0x00000000ec800000,0x00000000ec800000,0x00000000ed880000)
  to   space 19968K, 0% used [0x00000000eb480000,0x00000000eb480000,0x00000000ec800000)
 ParOldGen       total 135680K, used 33150K [0x00000000a0000000, 0x00000000a8480000, 0x00000000e0000000)
  object space 135680K, 24% used [0x00000000a0000000,0x00000000a205fb20,0x00000000a8480000)
 Metaspace       used 57449K, capacity 59056K, committed 59160K, reserved 1099776K
  class space    used 7804K, capacity 8190K, committed 8240K, reserved 1048576K
}
Event: 36,879 GC heap before
{Heap before GC invocations=14 (full 3):
 PSYoungGen      total 201728K, used 184832K [0x00000000e0000000, 0x00000000ee100000, 0x0000000100000000)
  eden space 184832K, 100% used [0x00000000e0000000,0x00000000eb480000,0x00000000eb480000)
  from space 16896K, 0% used [0x00000000ec800000,0x00000000ec800000,0x00000000ed880000)
  to   space 19968K, 0% used [0x00000000eb480000,0x00000000eb480000,0x00000000ec800000)
 ParOldGen       total 135680K, used 33150K [0x00000000a0000000, 0x00000000a8480000, 0x00000000e0000000)
  object space 135680K, 24% used [0x00000000a0000000,0x00000000a205fb20,0x00000000a8480000)
 Metaspace       used 65168K, capacity 67588K, committed 67736K, reserved 1107968K
  class space    used 8856K, capacity 9376K, committed 9392K, reserved 1048576K

